[Licensing::Module] Trying to connect to existing licensing client channel...
Built from '6000.4/staging' branch; Version is '6000.4.0f1 (8cf496087c8f) revision 9237654'; Using compiler version '194234433'; Build Type 'Release'
[Licensing::IpcConnector] Successfully connected to: "LicenseClient-smc4598" at "2026-04-21T21:36:33.4152473Z"
OS: 'Windows 11  (10.0.26100) Enterprise' Language: 'en' Physical Memory: 32509 MB
BatchMode: 1, IsHumanControllingUs: 0, StartBugReporterOnCrash: 0, Is64bit: 1
System  architecture: x64
Process architecture: x64
Date: 2026-04-21T21:36:33Z

COMMAND LINE ARGUMENTS:
C:\Program Files\Unity\Hub\Editor\6000.4.0f1\Editor\Unity.exe
-adb2
-batchMode
-noUpm
-name
AssetImportWorker11
-projectPath
D:/Profiles/smc4598/Documents/GitHub/119Game/119 Game
-logFile
Logs/AssetImportWorker11.log
-srvPort
42778
-licensingIpc
LicenseClient-smc4598
-force-d3d12
-job-worker-count
11
-background-job-worker-count
8
-gc-helper-count
1
-name
AssetImport
Successfully changed project path to: D:/Profiles/smc4598/Documents/GitHub/119Game/119 Game
D:/Profiles/smc4598/Documents/GitHub/119Game/119 Game
[UnityMemory] Configuration Parameters - Can be set up in boot.config
    "memorysetup-temp-allocator-size-gi-baking-worker=262144"
    "memorysetup-temp-allocator-size-gi-baking-worker=262144"
    "memorysetup-temp-allocator-size-gi-baking-worker=262144"
    "memorysetup-temp-allocator-size-gi-baking-worker=262144"
    "memorysetup-temp-allocator-size-gi-baking-worker=262144"
    "memorysetup-temp-allocator-size-nav-mesh-worker=65536"
    "memorysetup-temp-allocator-size-audio-worker=65536"
    "memorysetup-temp-allocator-size-cloud-worker=32768"
    "memorysetup-temp-allocator-size-gfx=262144"
    "memorysetup-temp-allocator-size-preload-manager=33554432"
    "memorysetup-temp-allocator-size-job-worker=262144"
    "memorysetup-temp-allocator-size-background-worker=32768"
    "memorysetup-allocator-temp-initial-block-size-main=262144"
    "memorysetup-allocator-temp-initial-block-size-worker=262144"
    "memorysetup-bucket-allocator-granularity=16"
    "memorysetup-bucket-allocator-bucket-count=8"
    "memorysetup-bucket-allocator-block-size=33554432"
    "memorysetup-bucket-allocator-block-count=8"
    "memorysetup-main-allocator-block-size=16777216"
    "memorysetup-thread-allocator-block-size=16777216"
    "memorysetup-gfx-main-allocator-block-size=16777216"
    "memorysetup-gfx-thread-allocator-block-size=16777216"
    "memorysetup-cache-allocator-block-size=4194304"
    "memorysetup-typetree-allocator-block-size=2097152"
    "memorysetup-profiler-bucket-allocator-granularity=16"
    "memorysetup-profiler-bucket-allocator-bucket-count=8"
    "memorysetup-profiler-bucket-allocator-block-size=33554432"
    "memorysetup-profiler-bucket-allocator-block-count=8"
    "memorysetup-profiler-allocator-block-size=16777216"
    "memorysetup-profiler-editor-allocator-block-size=1048576"
    "memorysetup-temp-allocator-size-main=16777216"
    "memorysetup-job-temp-allocator-block-size=2097152"
    "memorysetup-job-temp-allocator-block-size-background=1048576"
    "memorysetup-job-temp-allocator-reduction-small-platforms=262144"
Player connection [25576]  Target information:

Player connection [25576]  * "[IP] 129.21.197.30 [Port] 0 [Flags] 2 [Guid] 771935295 [EditorId] 771935295 [Version] 1048832 [Id] WindowsEditor(7,MSS2175-23) [Debug] 1 [PackageName] WindowsEditor [ProjectName] Editor" 

Player connection [25576]  * "[IP] 169.254.18.59 [Port] 0 [Flags] 2 [Guid] 771935295 [EditorId] 771935295 [Version] 1048832 [Id] WindowsEditor(7,MSS2175-23) [Debug] 1 [PackageName] WindowsEditor [ProjectName] Editor" 

Player connection [25576]  * "[IP] 192.168.56.1 [Port] 0 [Flags] 2 [Guid] 771935295 [EditorId] 771935295 [Version] 1048832 [Id] WindowsEditor(7,MSS2175-23) [Debug] 1 [PackageName] WindowsEditor [ProjectName] Editor" 

Player connection [25576]  * "[IP] 192.168.136.1 [Port] 0 [Flags] 2 [Guid] 771935295 [EditorId] 771935295 [Version] 1048832 [Id] WindowsEditor(7,MSS2175-23) [Debug] 1 [PackageName] WindowsEditor [ProjectName] Editor" 

Player connection [25576]  * "[IP] 192.168.44.1 [Port] 0 [Flags] 2 [Guid] 771935295 [EditorId] 771935295 [Version] 1048832 [Id] WindowsEditor(7,MSS2175-23) [Debug] 1 [PackageName] WindowsEditor [ProjectName] Editor" 

Player connection [25576] Host joined multi-casting on [225.0.0.222:54997]...
Player connection [25576] Host joined alternative multi-casting on [225.0.0.222:34997]...
JobSystem: Creating JobQueue using job-worker-count value 11
Input System module state changed to: Initialized.
[Physics::Module] Initialized fallback backend.
[Physics::Module] Id: 0xdecafbad
Library Redirect Path: Library/
[Physics::Module] Selected backend.
[Physics::Module] Name: PhysX
[Physics::Module] Id: 0xf2b8ea05
[Physics::Module] SDK Version: 4.1.2
[Physics::Module] Integration Version: 1.0.0
[Physics::Module] Threading Mode: Multi-Threaded
Initialize engine version: 6000.4.0f1 (8cf496087c8f)
[Subsystems] Discovering subsystems at path C:/Program Files/Unity/Hub/Editor/6000.4.0f1/Editor/Data/Resources/UnitySubsystems
[Subsystems] Discovering subsystems at path D:/Profiles/smc4598/Documents/GitHub/119Game/119 Game/Assets
Forcing GfxDevice: Direct3D 12
GfxDevice: creating device client; kGfxThreadingModeNonThreaded
d3d12: failed to query info queue interface (0x80004002).
Direct3D:
    Version:         Direct3D 12 [level 12.2]
    Renderer:        NVIDIA GeForce RTX 3060 (ID=0x2504)
    Vendor:          NVIDIA
    VRAM:            12115 MB
    App VRAM Budget: 11347 MB
    Driver:          32.0.15.7688
[Licensing::Client] Error: HandshakeResponse reported an error:
	ResponseCode: 505
	ResponseStatus: Unsupported protocol version '1.18.1'.
[Licensing::Module] Error: Failed to handshake to channel: "LicenseClient-smc4598"
[Licensing::IpcConnector] LicenseClient-smc4598 channel disconnected successfully.
[Licensing::IpcConnector] Successfully connected to: "LicenseClient-smc4598-6000.4.0" at "2026-04-21T21:36:34.2537583Z"
Initialize mono
Mono path[0] = 'C:/Program Files/Unity/Hub/Editor/6000.4.0f1/Editor/Data/Managed'
Mono path[1] = 'C:/Program Files/Unity/Hub/Editor/6000.4.0f1/Editor/Data/MonoBleedingEdge/lib/mono/unityjit-win32'
Mono config path = 'C:/Program Files/Unity/Hub/Editor/6000.4.0f1/Editor/Data/MonoBleedingEdge/etc'
Using monoOptions --debugger-agent=transport=dt_socket,embedding=1,server=y,suspend=n,address=127.0.0.1:56964
CodeReloadManager initialized
Begin MonoManager ReloadAssembly
Registering precompiled unity dll's ...
Register platform support module: C:/Program Files/Unity/Hub/Editor/6000.4.0f1/Editor/Data/PlaybackEngines/WindowsStandaloneSupport/UnityEditor.WindowsStandalone.Extensions.dll
Registered in 0.001754 seconds.
Native extension for WindowsStandalone target not found
[Licensing::Client] Handshaking with LicensingClient:
  Version:                 1.18.1+9fbee8e
  Session Id:              35882492fac64ecdbe17690b26186e64
  Correlation Id:          20d92c7d0eccc8be47c55daa728984d5
  External correlation Id: 4996732838619616930
  Machine Id:              pfMov4UhlrFXdSddrPw36gerXyQ=
[Licensing::Module] Successfully connected to LicensingClient on channel: "LicenseClient-smc4598-6000.4.0" (connect: 0.00s, validation: 0.00s, handshake: 0.83s)
[Licensing::IpcConnector] Successfully connected to: "LicenseClient-smc4598-6000.4.0-notifications" at "2026-04-21T21:36:35.0830439Z"
[Licensing::Module] Licensing Background thread has ended after 1.67s
Package Manager log level set to [2]
[Package Manager] Failed to launch server process. Reason: Unity was launched with the -noUpm command-line argument
[Package Manager] Unable to send message (not connected to server process).
[Package Manager] Cannot connect to Unity Package Manager local server
ScheduleIndexationOnStartup MainProcess:False IndexOnStartup:True
Mono: successfully reloaded assembly
- Finished resetting the current domain, in  0.382 seconds
Domain Reload Profiling: 843ms
	BeginReloadAssembly (133ms)
	RebuildCommonClasses (38ms)
	RebuildNativeTypeToScriptingClass (11ms)
	initialDomainReloadingComplete (65ms)
	LoadAllAssembliesAndSetupDomain (213ms)
		LoadAssemblies (131ms)
		AnalyzeDomain (201ms)
			TypeCache.Refresh (200ms)
				TypeCache.ScanAssembly (184ms)
	FinalizeReload (383ms)
		SetupLoadedEditorAssemblies (0ms)
			InitializePlatformSupportModulesInManaged (58ms)
			BeforeProcessingInitializeOnLoad (77ms)
			ProcessInitializeOnLoadAttributes (97ms)
			ProcessInitializeOnLoadMethodAttributes (70ms)
Assembly reference Packages/com.unity.cinemachine/Editor/Samples/ExposeHDRPInternals/HDRP-Editor-ref.asmref has no target assembly definition
========================================================================
Worker process is ready to serve import requests
Import Worker Mode flag is 0x00
Assembly reference Packages/com.unity.cinemachine/Editor/Samples/ExposeHDRPInternals/HDRP-Editor-ref.asmref has no target assembly definition
Assembly reference Packages/com.unity.cinemachine/Editor/Samples/ExposeHDRPInternals/HDRP-Editor-ref.asmref has no target assembly definition
Begin MonoManager ReloadAssembly
[Licensing::Client] Successfully resolved entitlement details
[Licensing::Module] License group:
  Id: E4-JKGS-SUD9-GJQN-M8TF-XXXX
  Product: Unity Education
  Type: ULF
  Expiration: 2026-07-26T13:18:05Z
Assembly Assembly-CSharp-Editor-firstpass.dll at Library/ScriptAssemblies/Assembly-CSharp-Editor-firstpass.dll not valid. Loading of assembly skipped.
Assembly Assembly-CSharp-firstpass.dll at Library/ScriptAssemblies/Assembly-CSharp-firstpass.dll not valid. Loading of assembly skipped.
Assembly TestNewCustomAssembly.dll at Library/ScriptAssemblies/TestNewCustomAssembly.dll not valid. Loading of assembly skipped.
Assembly Unity.2D.Animation.EditorTests.dll at Library/ScriptAssemblies/Unity.2D.Animation.EditorTests.dll not valid. Loading of assembly skipped.
Assembly Unity.2D.Aseprite.EditorTests.dll at Library/ScriptAssemblies/Unity.2D.Aseprite.EditorTests.dll not valid. Loading of assembly skipped.
Assembly Unity.2D.Common.EditorTests.dll at Library/ScriptAssemblies/Unity.2D.Common.EditorTests.dll not valid. Loading of assembly skipped.
Assembly Unity.2D.PixelPerfect.Editor.Tests.dll at Library/ScriptAssemblies/Unity.2D.PixelPerfect.Editor.Tests.dll not valid. Loading of assembly skipped.
Assembly Unity.2D.Psdimporter.EditorTests.dll at Library/ScriptAssemblies/Unity.2D.Psdimporter.EditorTests.dll not valid. Loading of assembly skipped.
Assembly Unity.2D.Sprite.Package.EditorTests.dll at Library/ScriptAssemblies/Unity.2D.Sprite.Package.EditorTests.dll not valid. Loading of assembly skipped.
Assembly Unity.2D.SpriteShape.EditorTests.dll at Library/ScriptAssemblies/Unity.2D.SpriteShape.EditorTests.dll not valid. Loading of assembly skipped.
Assembly Unity.2D.Tilemap.Package.EditorTests.dll at Library/ScriptAssemblies/Unity.2D.Tilemap.Package.EditorTests.dll not valid. Loading of assembly skipped.
Assembly Unity.Collections.BurstCompatibilityGen.dll at Library/ScriptAssemblies/Unity.Collections.BurstCompatibilityGen.dll not valid. Loading of assembly skipped.
Assembly Unity.Collections.DocCodeSamples.dll at Library/ScriptAssemblies/Unity.Collections.DocCodeSamples.dll not valid. Loading of assembly skipped.
Assembly Unity.Collections.PerformanceTests.dll at Library/ScriptAssemblies/Unity.Collections.PerformanceTests.dll not valid. Loading of assembly skipped.
Assembly Unity.Collections.Tests.dll at Library/ScriptAssemblies/Unity.Collections.Tests.dll not valid. Loading of assembly skipped.
Assembly Unity.Collections.Tests.Playmode.dll at Library/ScriptAssemblies/Unity.Collections.Tests.Playmode.dll not valid. Loading of assembly skipped.
Assembly Unity.InputSystem.IntegrationTests.dll at Library/ScriptAssemblies/Unity.InputSystem.IntegrationTests.dll not valid. Loading of assembly skipped.
Assembly Unity.Mathematics.Tests.dll at Library/ScriptAssemblies/Unity.Mathematics.Tests.dll not valid. Loading of assembly skipped.
Assembly Unity.Multiplayer.Center.Editor.Tests.dll at Library/ScriptAssemblies/Unity.Multiplayer.Center.Editor.Tests.dll not valid. Loading of assembly skipped.
Assembly Unity.Multiplayer.Center.Tests.dll at Library/ScriptAssemblies/Unity.Multiplayer.Center.Tests.dll not valid. Loading of assembly skipped.
Assembly Unity.Nuget.Mono-Cecil.dll at Library/ScriptAssemblies/Unity.Nuget.Mono-Cecil.dll not valid. Loading of assembly skipped.
Assembly Unity.PathTracing.Editor.Tests.dll at Library/ScriptAssemblies/Unity.PathTracing.Editor.Tests.dll not valid. Loading of assembly skipped.
Assembly Unity.PathTracing.Runtime.Tests.dll at Library/ScriptAssemblies/Unity.PathTracing.Runtime.Tests.dll not valid. Loading of assembly skipped.
Assembly Unity.Performance.Profile-Analyzer.EditorTests.dll at Library/ScriptAssemblies/Unity.Performance.Profile-Analyzer.EditorTests.dll not valid. Loading of assembly skipped.
Assembly Unity.Play.Publisher.Editor.Tests.dll at Library/ScriptAssemblies/Unity.Play.Publisher.Editor.Tests.dll not valid. Loading of assembly skipped.
Assembly Unity.RenderPipelines.Core.Editor.Tests.dll at Library/ScriptAssemblies/Unity.RenderPipelines.Core.Editor.Tests.dll not valid. Loading of assembly skipped.
Assembly Unity.RenderPipelines.Core.Runtime.Tests.dll at Library/ScriptAssemblies/Unity.RenderPipelines.Core.Runtime.Tests.dll not valid. Loading of assembly skipped.
Assembly Unity.RenderPipelines.Universal.Config.Editor.Tests.dll at Library/ScriptAssemblies/Unity.RenderPipelines.Universal.Config.Editor.Tests.dll not valid. Loading of assembly skipped.
Assembly Unity.RenderPipelines.Universal.Editor.Tests.dll at Library/ScriptAssemblies/Unity.RenderPipelines.Universal.Editor.Tests.dll not valid. Loading of assembly skipped.
Assembly Unity.RenderPipelines.Universal.Runtime.Tests.dll at Library/ScriptAssemblies/Unity.RenderPipelines.Universal.Runtime.Tests.dll not valid. Loading of assembly skipped.
Assembly Unity.Searcher.EditorTests.dll at Library/ScriptAssemblies/Unity.Searcher.EditorTests.dll not valid. Loading of assembly skipped.
Assembly Unity.Settings.Tests.dll at Library/ScriptAssemblies/Unity.Settings.Tests.dll not valid. Loading of assembly skipped.
Assembly Unity.ShaderGraph.Editor.Tests.dll at Library/ScriptAssemblies/Unity.ShaderGraph.Editor.Tests.dll not valid. Loading of assembly skipped.
Assembly Unity.TestTools.CodeCoverage.Editor.Compatibility.dll at Library/ScriptAssemblies/Unity.TestTools.CodeCoverage.Editor.Compatibility.dll not valid. Loading of assembly skipped.
Assembly Unity.TextMeshPro.Editor.Tests.dll at Library/ScriptAssemblies/Unity.TextMeshPro.Editor.Tests.dll not valid. Loading of assembly skipped.
Assembly Unity.TextMeshPro.Tests.dll at Library/ScriptAssemblies/Unity.TextMeshPro.Tests.dll not valid. Loading of assembly skipped.
Assembly Unity.Tutorials.Core.Editor.Tests.dll at Library/ScriptAssemblies/Unity.Tutorials.Core.Editor.Tests.dll not valid. Loading of assembly skipped.
Assembly Unity.Tutorials.Core.Tests.dll at Library/ScriptAssemblies/Unity.Tutorials.Core.Tests.dll not valid. Loading of assembly skipped.
Assembly Unity.UnifiedRayTracing.Editor.Tests.dll at Library/ScriptAssemblies/Unity.UnifiedRayTracing.Editor.Tests.dll not valid. Loading of assembly skipped.
Assembly UnityEditor.UI.Common.Tests.dll at Library/ScriptAssemblies/UnityEditor.UI.Common.Tests.dll not valid. Loading of assembly skipped.
Assembly UnityEditor.UI.EditorTests.dll at Library/ScriptAssemblies/UnityEditor.UI.EditorTests.dll not valid. Loading of assembly skipped.
Assembly UnityEngine.UI.Tests.dll at Library/ScriptAssemblies/UnityEngine.UI.Tests.dll not valid. Loading of assembly skipped.
Assembly reference Packages/com.unity.cinemachine/Editor/Samples/ExposeHDRPInternals/HDRP-Editor-ref.asmref has no target assembly definition
'Packages/com.unity.cinemachine/Editor/Obsolete/CinemachineVirtualCameraBaseEditor.cs' contains partial class of Unity.Object, exactly 1 of the partial classes needs to be in a file with the same filename. This is to know the one that can be referenced from ie. GameObjects
'Packages/com.unity.cinemachine/Editor/Editors/CinemachineVirtualCameraBaseEditor.cs' contains partial class of Unity.Object, exactly 1 of the partial classes needs to be in a file with the same filename. This is to know the one that can be referenced from ie. GameObjects
Native extension for WindowsStandalone target not found
Assembly reference Packages/com.unity.cinemachine/Editor/Samples/ExposeHDRPInternals/HDRP-Editor-ref.asmref has no target assembly definition
[Package Manager] Failed to launch server process. Reason: Unity was launched with the -noUpm command-line argument
[Package Manager] Unable to send message (not connected to server process).
[Package Manager] Cannot connect to Unity Package Manager local server
[Package Manager] Failed to launch server process. Reason: Unity was launched with the -noUpm command-line argument
[Package Manager] Unable to send message (not connected to server process).
[Package Manager] Cannot connect to Unity Package Manager local server
ScheduleIndexationOnStartup MainProcess:False IndexOnStartup:True
Mono: successfully reloaded assembly
- Finished resetting the current domain, in  0.527 seconds
Domain Reload Profiling: 1157ms
	BeginReloadAssembly (154ms)
		DisableScriptedObjects (7ms)
		CreateAndSetChildDomain (25ms)
	RebuildCommonClasses (30ms)
	RebuildNativeTypeToScriptingClass (9ms)
	initialDomainReloadingComplete (56ms)
	LoadAllAssembliesAndSetupDomain (380ms)
		LoadAssemblies (262ms)
		AnalyzeDomain (194ms)
			TypeCache.Refresh (139ms)
				TypeCache.ScanAssembly (125ms)
			BuildScriptInfoCaches (45ms)
			ResolveRequiredComponents (8ms)
	FinalizeReload (527ms)
		SetupLoadedEditorAssemblies (0ms)
			BeforeProcessingInitializeOnLoad (105ms)
			ProcessInitializeOnLoadAttributes (180ms)
			ProcessInitializeOnLoadMethodAttributes (67ms)
			AfterProcessingInitializeOnLoad (3ms)
		AwakeInstancesAfterBackupRestoration (5ms)
Launched and connected shader compiler UnityShaderCompiler.exe after 0.01 seconds
Unloading 25 Unused Serialized files (Serialized files now loaded: 0)
Unloading 5321 unused Assets / (4.9 MB). Loaded Objects now: 6185.
Memory consumption went from 153.6 MB to 148.7 MB.
Total: 7.353200 ms (FindLiveObjects: 0.638900 ms CreateObjectMapping: 0.430900 ms MarkObjects: 4.222200 ms  DeleteObjects: 2.059300 ms)

========================================================================
Received Import Request.
  Time since last request: 16925.515535 seconds.
  path: Packages/com.unity.render-pipelines.universal/package.json
  importAddress: Guid(30648b8d550465f4bb77f1e1afd0b37d) Importer(815301076,1909f56bfc062723c751e8b465ee728b)
Start importing Packages/com.unity.render-pipelines.universal/package.json using Guid(30648b8d550465f4bb77f1e1afd0b37d) Importer(815301076,1909f56bfc062723c751e8b465ee728b) (PreviewImporter) -> (Import Result ID: 'fda6bf293396ca99cfc59bd5b45c4ac9') in 0.0239456 seconds [static and dynamic dependencies]. Details - ImportResultOutputID=543c0c142d9705948d83efb649a5c3a6 DependenciesID=0180680a012e05e826f44d918c9bcf46 StaticDependenciesID=8ec70b1d5300f5f8e0a43f82c0c64962 
Number of updated asset objects reloaded before import = 0Number of asset objects unloaded after import = 1

========================================================================
Received Import Request.
  Time since last request: 820.265202 seconds.
  path: Assets/Environment/Tiles/MountainsFar.png
  importAddress: Guid(e9c22375003b7d9468b18f9fbfaa4eb9) Importer(815301076,1909f56bfc062723c751e8b465ee728b)
Start importing Assets/Environment/Tiles/MountainsFar.png using Guid(e9c22375003b7d9468b18f9fbfaa4eb9) Importer(815301076,1909f56bfc062723c751e8b465ee728b) (PreviewImporter) -> (Import Result ID: '5418ecae8013f2b8756be05c04bbac3a') in 0.0633585 seconds [static and dynamic dependencies]. Details - ImportResultOutputID=070bc90df041d659eb4c80dcf46ada7b DependenciesID=57cd513fdbfba7b5b32d17688cfe4960 StaticDependenciesID=979fe84f93b89d3812a8d353359141a7 
Number of updated asset objects reloaded before import = 0Number of asset objects unloaded after import = 3

========================================================================
Received Import Request.
  Time since last request: 0.886025 seconds.
  path: Assets/Environment/Tiles/MountainsFar.png
  importAddress: Guid(e9c22375003b7d9468b18f9fbfaa4eb9) Importer(2089858483,b0f066a214c2f5e87bad3c948f4d605d)
Start importing Assets/Environment/Tiles/MountainsFar.png using Guid(e9c22375003b7d9468b18f9fbfaa4eb9) Importer(2089858483,b0f066a214c2f5e87bad3c948f4d605d) (ScriptedImporter) -> (Import Result ID: '34d5da9377b2018e0c7c76d39157d8f3') in 0.0860547 seconds [static and dynamic dependencies]. Details - ImportResultOutputID=e0087e40afd78c5e8ab26100c626815a DependenciesID=9c1e2312b2ce8f45eacfd2e04780387c StaticDependenciesID=ac72e8ca2602b38e121e842d3fd126b6 
Number of updated asset objects reloaded before import = 0Number of asset objects unloaded after import = 3

========================================================================
Received Import Request.
  Time since last request: 33.371277 seconds.
  path: Assets/Prefabs/TilePalette.prefab
  importAddress: Guid(c02c4165d21a0fd488455befe67d7aac) Importer(2089858483,b0f066a214c2f5e87bad3c948f4d605d)
Start importing Assets/Prefabs/TilePalette.prefab using Guid(c02c4165d21a0fd488455befe67d7aac) Importer(2089858483,b0f066a214c2f5e87bad3c948f4d605d) (ScriptedImporter) -> (Import Result ID: 'e74768c98f53fe770be24d36a1786551') in 0.0204647 seconds [static and dynamic dependencies]. Details - ImportResultOutputID=886c78c3ea6386488ce71ec01f6e1a1c DependenciesID=47eb262bac39bf2d3d3f6a32866cf3a2 StaticDependenciesID=785bb840b4be8b4f9ce12d2fd60745cb 
Number of updated asset objects reloaded before import = 0Number of asset objects unloaded after import = 10

========================================================================
Received Import Request.
  Time since last request: 26.983408 seconds.
  path: Assets/Prefabs/TilePalette.prefab
  importAddress: Guid(c02c4165d21a0fd488455befe67d7aac) Importer(2089858483,b0f066a214c2f5e87bad3c948f4d605d)
Start importing Assets/Prefabs/TilePalette.prefab using Guid(c02c4165d21a0fd488455befe67d7aac) Importer(2089858483,b0f066a214c2f5e87bad3c948f4d605d) (ScriptedImporter) -> (Import Result ID: 'dc34ad244ef98128c80ae958570cbbb3') in 0.0086383 seconds [static and dynamic dependencies]. Details - ImportResultOutputID=fcda75c9b9e31f7a268b6bfc221b4fb1 DependenciesID=20a7e978648fd2aec2ca43d96bba2ff7 StaticDependenciesID=87a28b3207c71d2432e4fc4fb236af47 
Number of updated asset objects reloaded before import = 0Number of asset objects unloaded after import = 10

========================================================================
Received Import Request.
  Time since last request: 5.771924 seconds.
  path: Assets/Prefabs/TilePalette.prefab
  importAddress: Guid(c02c4165d21a0fd488455befe67d7aac) Importer(2089858483,b0f066a214c2f5e87bad3c948f4d605d)
Start importing Assets/Prefabs/TilePalette.prefab using Guid(c02c4165d21a0fd488455befe67d7aac) Importer(2089858483,b0f066a214c2f5e87bad3c948f4d605d) (ScriptedImporter) -> (Import Result ID: '9f9d26c8f5324b861105056a40d8e15a') in 0.0082452 seconds [static and dynamic dependencies]. Details - ImportResultOutputID=b82c39bbdbf9a8d4afd3837354e50ff1 DependenciesID=b824defb9c29597b87c539a3b5a5ccfb StaticDependenciesID=f86a4a2db3d1549bdbbb465a26b1e3c6 
Number of updated asset objects reloaded before import = 0Number of asset objects unloaded after import = 10

========================================================================
Received Import Request.
  Time since last request: 11.068520 seconds.
  path: Assets/Prefabs/TilePalette.prefab
  importAddress: Guid(c02c4165d21a0fd488455befe67d7aac) Importer(2089858483,b0f066a214c2f5e87bad3c948f4d605d)
Start importing Assets/Prefabs/TilePalette.prefab using Guid(c02c4165d21a0fd488455befe67d7aac) Importer(2089858483,b0f066a214c2f5e87bad3c948f4d605d) (ScriptedImporter) -> (Import Result ID: '9149da56ff1c721b51b32b4ae42e4859') in 0.0112349 seconds [static and dynamic dependencies]. Details - ImportResultOutputID=67a7ac5e62b61d2ab04934cc155a35ce DependenciesID=a95f56d8f2fc284fdb36d36e9da96f2c StaticDependenciesID=3a94e21684b0baf670f3c85bb23f8224 
Number of updated asset objects reloaded before import = 0Number of asset objects unloaded after import = 10

========================================================================
Received Import Request.
  Time since last request: 133.619201 seconds.
  path: Assets/Prefabs/Enemy.prefab
  importAddress: Guid(f158aa2be3df6489185ef721f6fd79c1) Importer(815301076,1909f56bfc062723c751e8b465ee728b)
Start importing Assets/Prefabs/Enemy.prefab using Guid(f158aa2be3df6489185ef721f6fd79c1) Importer(815301076,1909f56bfc062723c751e8b465ee728b) (PreviewImporter) -> (Import Result ID: '1bdc139334660e652c2d2f5a85e4c899') in 0.3112661 seconds [static and dynamic dependencies]. Details - ImportResultOutputID=aab4a2fcf8c9678f031785c9ca87278d DependenciesID=caeb1fa983993f037bf6abfa39f95551 StaticDependenciesID=2458725fcd40a79e88117f74dbcc6fb4 
Number of updated asset objects reloaded before import = 0Number of asset objects unloaded after import = 108

========================================================================
Received Import Request.
  Time since last request: 1.788105 seconds.
  path: Assets/Rendering/PostProcessVolume.asset
  importAddress: Guid(3015cca3ee7cb4049aa1b45cb14b9bed) Importer(815301076,1909f56bfc062723c751e8b465ee728b)
Start importing Assets/Rendering/PostProcessVolume.asset using Guid(3015cca3ee7cb4049aa1b45cb14b9bed) Importer(815301076,1909f56bfc062723c751e8b465ee728b) (PreviewImporter) -> (Import Result ID: '632624b1f33ecf47e50efa98277b0be6') in 0.0009534 seconds [static and dynamic dependencies]. Details - ImportResultOutputID=eb963d22a5f783f56b5f35aa722ff060 DependenciesID=f03ad0076cffe5767d2cd1a0422e8f90 StaticDependenciesID=e784de21fec9cc3834ce12bbf821bc3c 
Number of updated asset objects reloaded before import = 0Number of asset objects unloaded after import = 4

========================================================================
Received Import Request.
  Time since last request: 0.000017 seconds.
  path: Assets/Rendering/Universal Render Pipeline Asset_Renderer.asset
  importAddress: Guid(3cd71fba6c9731045991cc8e58e233e4) Importer(815301076,1909f56bfc062723c751e8b465ee728b)
Start importing Assets/Rendering/Universal Render Pipeline Asset_Renderer.asset using Guid(3cd71fba6c9731045991cc8e58e233e4) Importer(815301076,1909f56bfc062723c751e8b465ee728b) (PreviewImporter) -> (Import Result ID: '34f76d7f30c56e702d442a9df34021a6') in 0.0013745 seconds [static and dynamic dependencies]. Details - ImportResultOutputID=7dd46507befcfe93f6c0ed535d3181d4 DependenciesID=e807f9edc1b5d1ec2259f3f0f5ed8838 StaticDependenciesID=94092a56b267197476e327d23ef7c28a 
Number of updated asset objects reloaded before import = 0Number of asset objects unloaded after import = 1

========================================================================
Received Import Request.
  Time since last request: 6.156467 seconds.
  path: Assets/Settings/DefaultVolumeProfile.asset
  importAddress: Guid(20437ca50174cba4e99bc24758e22d1c) Importer(815301076,1909f56bfc062723c751e8b465ee728b)
Start importing Assets/Settings/DefaultVolumeProfile.asset using Guid(20437ca50174cba4e99bc24758e22d1c) Importer(815301076,1909f56bfc062723c751e8b465ee728b) (PreviewImporter) -> (Import Result ID: 'd1887b784b4cf3aa145c6de02b48bbae') in 0.0006531 seconds [static and dynamic dependencies]. Details - ImportResultOutputID=d55677c8bfd03c0f5415b53e296c1702 DependenciesID=9c63e6e0ace8b1fdba5dcdebeee16ff5 StaticDependenciesID=0f4baaf07bff3ed67fb8597e71524615 
Number of updated asset objects reloaded before import = 0Number of asset objects unloaded after import = 0

========================================================================
Received Import Request.
  Time since last request: 0.000020 seconds.
  path: Assets/Settings/UniversalRenderPipelineGlobalSettings.asset
  importAddress: Guid(bff77cef94c4f6445bd2dd50cefca70f) Importer(815301076,1909f56bfc062723c751e8b465ee728b)
Start importing Assets/Settings/UniversalRenderPipelineGlobalSettings.asset using Guid(bff77cef94c4f6445bd2dd50cefca70f) Importer(815301076,1909f56bfc062723c751e8b465ee728b) (PreviewImporter) -> (Import Result ID: 'e09499af88f81c3233e2732625f321aa') in 0.0007868 seconds [static and dynamic dependencies]. Details - ImportResultOutputID=884382cde9a0f2c90d1765b2f3ff4ec3 DependenciesID=42a513a2a33be0bc77b3e084bcca7419 StaticDependenciesID=d5722948b00840d6d818042696838740 
Number of updated asset objects reloaded before import = 0Number of asset objects unloaded after import = 0

========================================================================
Received Import Request.
  Time since last request: 0.000065 seconds.
  path: Assets/Settings/URP_ForwardRenderer.asset
  importAddress: Guid(1649bdc92ded20b47b6b1afd784b8320) Importer(815301076,1909f56bfc062723c751e8b465ee728b)
Start importing Assets/Settings/URP_ForwardRenderer.asset using Guid(1649bdc92ded20b47b6b1afd784b8320) Importer(815301076,1909f56bfc062723c751e8b465ee728b) (PreviewImporter) -> (Import Result ID: '3045cd46eb1691747eb76e791876222f') in 0.0006032 seconds [static and dynamic dependencies]. Details - ImportResultOutputID=16278b1f686b5df91f1701b1f7b40d66 DependenciesID=750890c0d99d0d80e2eeb2b15973ab6a StaticDependenciesID=7b7b47bfaaabe301d63e9a50e598900b 
Number of updated asset objects reloaded before import = 0Number of asset objects unloaded after import = 0

========================================================================
Received Import Request.
  Time since last request: 6.856012 seconds.
  path: Assets/Tiles/cloud.asset
  importAddress: Guid(216e1d3fb32f7bc48a7a754adcfca76f) Importer(815301076,1909f56bfc062723c751e8b465ee728b)
Start importing Assets/Tiles/cloud.asset using Guid(216e1d3fb32f7bc48a7a754adcfca76f) Importer(815301076,1909f56bfc062723c751e8b465ee728b) (PreviewImporter) -> (Import Result ID: 'c37e151c4cdeb543a054cfba8fe0d523') in 0.0527659 seconds [static and dynamic dependencies]. Details - ImportResultOutputID=1571696ea9cfe40eb664e77086f21281 DependenciesID=1a29a423c02bc875f40203afd442e5c1 StaticDependenciesID=a9cbfd14d6578fca4f2ec60f14d35ffe 
Number of updated asset objects reloaded before import = 0Number of asset objects unloaded after import = 3

========================================================================
Received Import Request.
  Time since last request: 0.000024 seconds.
  path: Assets/Tiles/TileGround.asset
  importAddress: Guid(346d40452471dc54ba12d6c7e67a1920) Importer(815301076,1909f56bfc062723c751e8b465ee728b)
Start importing Assets/Tiles/TileGround.asset using Guid(346d40452471dc54ba12d6c7e67a1920) Importer(815301076,1909f56bfc062723c751e8b465ee728b) (PreviewImporter) -> (Import Result ID: '58590fdf7d3b3398a26c5420877cbb1e') in 0.0114772 seconds [static and dynamic dependencies]. Details - ImportResultOutputID=577bb854fc76ac2f59d45a4282c297a4 DependenciesID=977135442f21e7bd09cddb9dcf9bf2a4 StaticDependenciesID=6ed005ed4183fb233cc6371237a0ff1c 
Number of updated asset objects reloaded before import = 0Number of asset objects unloaded after import = 3

========================================================================
Received Import Request.
  Time since last request: 0.000025 seconds.
  path: Assets/Tiles/mountains.asset
  importAddress: Guid(17d8f745a300ff948ac10cceb364a2dc) Importer(815301076,1909f56bfc062723c751e8b465ee728b)
Start importing Assets/Tiles/mountains.asset using Guid(17d8f745a300ff948ac10cceb364a2dc) Importer(815301076,1909f56bfc062723c751e8b465ee728b) (PreviewImporter) -> (Import Result ID: '73209c92c45d087900f6421cc51c5555') in 0.011814 seconds [static and dynamic dependencies]. Details - ImportResultOutputID=cdd446d335f98b142fde508ee72a9428 DependenciesID=da30929300194862560b5bdaff1db13b StaticDependenciesID=9e001e64a2e9bec43d2334eeb361dd94 
Number of updated asset objects reloaded before import = 0Number of asset objects unloaded after import = 3

========================================================================
Received Import Request.
  Time since last request: 0.000021 seconds.
  path: Assets/Tiles/MidgroundFiller.asset
  importAddress: Guid(8187bea14c4d7c849b76ae65d8bd9782) Importer(815301076,1909f56bfc062723c751e8b465ee728b)
Start importing Assets/Tiles/MidgroundFiller.asset using Guid(8187bea14c4d7c849b76ae65d8bd9782) Importer(815301076,1909f56bfc062723c751e8b465ee728b) (PreviewImporter) -> (Import Result ID: 'fff8bef6c98790d37baf8e8717b12808') in 0.0102487 seconds [static and dynamic dependencies]. Details - ImportResultOutputID=5ef11d7334a847ef22a32c189d5d00e3 DependenciesID=9dcce100de8b7b7dacd7d986c9057055 StaticDependenciesID=1d8e328f5a9c3da0298d438ff02b8cf7 
Number of updated asset objects reloaded before import = 0Number of asset objects unloaded after import = 3

========================================================================
Received Import Request.
  Time since last request: 0.000025 seconds.
  path: Assets/Tiles/TileGroundDark.asset
  importAddress: Guid(81d566c374d6f93469d3badfddb41f87) Importer(815301076,1909f56bfc062723c751e8b465ee728b)
Start importing Assets/Tiles/TileGroundDark.asset using Guid(81d566c374d6f93469d3badfddb41f87) Importer(815301076,1909f56bfc062723c751e8b465ee728b) (PreviewImporter) -> (Import Result ID: 'cb256e6c7168974cbca161e95c654175') in 0.0114618 seconds [static and dynamic dependencies]. Details - ImportResultOutputID=36638b0005c2ba7e35cb094bec1a4984 DependenciesID=2d563690c893b76bb60b172bc0d99a66 StaticDependenciesID=057c5fbcc520b4e880ef7a3220cbbbd6 
Number of updated asset objects reloaded before import = 0Number of asset objects unloaded after import = 3

========================================================================
Received Import Request.
  Time since last request: 0.000023 seconds.
  path: Assets/Tiles/ShortBuilding.asset
  importAddress: Guid(102dda6d7e3be4644bea1fdfea2d37d4) Importer(815301076,1909f56bfc062723c751e8b465ee728b)
Start importing Assets/Tiles/ShortBuilding.asset using Guid(102dda6d7e3be4644bea1fdfea2d37d4) Importer(815301076,1909f56bfc062723c751e8b465ee728b) (PreviewImporter) -> (Import Result ID: 'eb3294fa8861db5aed29c10531337827') in 0.0131288 seconds [static and dynamic dependencies]. Details - ImportResultOutputID=bd18d5d3e72f5f132086256396bde4f5 DependenciesID=23b8eccfe11bdb262cf9ec6605c75c1a StaticDependenciesID=23ab93a8080efce3453afbb9e02b8b8a 
Number of updated asset objects reloaded before import = 0Number of asset objects unloaded after import = 3

========================================================================
Received Import Request.
  Time since last request: 38.040191 seconds.
  path: Assets/Prefabs/TilePalette.prefab
  importAddress: Guid(c02c4165d21a0fd488455befe67d7aac) Importer(2089858483,b0f066a214c2f5e87bad3c948f4d605d)
Start importing Assets/Prefabs/TilePalette.prefab using Guid(c02c4165d21a0fd488455befe67d7aac) Importer(2089858483,b0f066a214c2f5e87bad3c948f4d605d) (ScriptedImporter) -> (Import Result ID: '91c8849a25d0c8bb47f844949f7c9270') in 0.0110367 seconds [static and dynamic dependencies]. Details - ImportResultOutputID=a92ba4b2bbfb628ee16f915c98c759f3 DependenciesID=57a9d628ff86c550129a6e89ce4bff5f StaticDependenciesID=bae0616a3ec09b960e9ada3523af6319 
Number of updated asset objects reloaded before import = 0Number of asset objects unloaded after import = 10

========================================================================
Received Import Request.
  Time since last request: 2797.193142 seconds.
  path: Assets/Prefabs/TilePalette.prefab
  importAddress: Guid(c02c4165d21a0fd488455befe67d7aac) Importer(2089858483,b0f066a214c2f5e87bad3c948f4d605d)
Start importing Assets/Prefabs/TilePalette.prefab using Guid(c02c4165d21a0fd488455befe67d7aac) Importer(2089858483,b0f066a214c2f5e87bad3c948f4d605d) (ScriptedImporter) -> (Import Result ID: '4038ec1e1ec3bca3aee7d3859773392d') in 0.0164937 seconds [static and dynamic dependencies]. Details - ImportResultOutputID=b6e8227aea2cc905f1ce5c17176749fa DependenciesID=3aac8e0038e836eda88b401322ed50db StaticDependenciesID=9f20aec83a66e242387aed7f23832316 
Number of updated asset objects reloaded before import = 0Number of asset objects unloaded after import = 10

========================================================================
Received Import Request.
  Time since last request: 0.236568 seconds.
  path: Assets/Tiles/MountainsFar_0.asset
  importAddress: Guid(23637179a858d9047b028b292e511926) Importer(815301076,1909f56bfc062723c751e8b465ee728b)
Start importing Assets/Tiles/MountainsFar_0.asset using Guid(23637179a858d9047b028b292e511926) Importer(815301076,1909f56bfc062723c751e8b465ee728b) (PreviewImporter) -> (Import Result ID: 'b1341a0657b471f480fffc4f3f98dc77') in 0.0094395 seconds [static and dynamic dependencies]. Details - ImportResultOutputID=9c257bb9d1e349c972ac99727100783f DependenciesID=7fa6d02bcc3536c4da4c92e981fc15c9 StaticDependenciesID=59ac63087b74a82a2554ebb9c4126c5b 
Number of updated asset objects reloaded before import = 0Number of asset objects unloaded after import = 3

========================================================================
Received Import Request.
  Time since last request: 1173.299844 seconds.
  path: Assets/Environment/Sprites/SecondPalette.prefab
  importAddress: Guid(4848e3b095eafbc4980da8a71cb2457b) Importer(2089858483,b0f066a214c2f5e87bad3c948f4d605d)
Start importing Assets/Environment/Sprites/SecondPalette.prefab using Guid(4848e3b095eafbc4980da8a71cb2457b) Importer(2089858483,b0f066a214c2f5e87bad3c948f4d605d) (ScriptedImporter) -> (Import Result ID: 'fc747bcca94c00ea1a5ac26906aaf95d') in 0.0093226 seconds [static and dynamic dependencies]. Details - ImportResultOutputID=a9f88d11b26ce6c79092f62f8ee1f6bf DependenciesID=a3a2fb74b3049b86e437b235fedebfec StaticDependenciesID=7469e41ac9b38646b5e416abb898eca2 
Number of updated asset objects reloaded before import = 0Number of asset objects unloaded after import = 10

========================================================================
Received Import Request.
  Time since last request: 258.034871 seconds.
  path: Assets/Environment/Sprites/SecondPalette.prefab
  importAddress: Guid(4848e3b095eafbc4980da8a71cb2457b) Importer(2089858483,b0f066a214c2f5e87bad3c948f4d605d)
Start importing Assets/Environment/Sprites/SecondPalette.prefab using Guid(4848e3b095eafbc4980da8a71cb2457b) Importer(2089858483,b0f066a214c2f5e87bad3c948f4d605d) (ScriptedImporter) -> (Import Result ID: '6ff5c7ccc6188b6d6663a579a3d4c412') in 0.0104266 seconds [static and dynamic dependencies]. Details - ImportResultOutputID=ccefcfdc3477156e8e2ec795d7b827a6 DependenciesID=4a36cc789feff16a1a4a9dec06c2fa29 StaticDependenciesID=1a79e46e3e6cab5a2e0260c54f8213fb 
Number of updated asset objects reloaded before import = 0Number of asset objects unloaded after import = 10

========================================================================
Received Import Request.
  Time since last request: 17.389798 seconds.
  path: Assets/Scenes/Scene_1.unity
  importAddress: Guid(2cda990e2423bbf4892e6590ba056729) Importer(2089858483,b0f066a214c2f5e87bad3c948f4d605d)
Start importing Assets/Scenes/Scene_1.unity using Guid(2cda990e2423bbf4892e6590ba056729) Importer(2089858483,b0f066a214c2f5e87bad3c948f4d605d) (ScriptedImporter) -> (Import Result ID: 'bb66e371ba5864fd269c8535149a178f') in 0.023622 seconds [static and dynamic dependencies]. Details - ImportResultOutputID=b3e1ea3025b96b8d4c5c9a891e4d780f DependenciesID=15f3c65e6a3a344d1bdf1f78ae2e28b6 StaticDependenciesID=d2ba5780fbc3e6b6f70715fb6cdfa26d 
Number of updated asset objects reloaded before import = 0Number of asset objects unloaded after import = 1

========================================================================
Received Import Request.
  Time since last request: 20.404835 seconds.
  path: Assets/Environment/Sprites/SecondPalette.prefab
  importAddress: Guid(4848e3b095eafbc4980da8a71cb2457b) Importer(2089858483,b0f066a214c2f5e87bad3c948f4d605d)
Start importing Assets/Environment/Sprites/SecondPalette.prefab using Guid(4848e3b095eafbc4980da8a71cb2457b) Importer(2089858483,b0f066a214c2f5e87bad3c948f4d605d) (ScriptedImporter) -> (Import Result ID: '57557f5547273507d24650077e4553c8') in 0.0093904 seconds [static and dynamic dependencies]. Details - ImportResultOutputID=86290d3f61608f76bf9c82d3a37e87a7 DependenciesID=51cf0c0773c81d129c2424584e7c3c5d StaticDependenciesID=7b3c6f7aa0ad463c48d4376c5a216cf7 
Number of updated asset objects reloaded before import = 0Number of asset objects unloaded after import = 10

========================================================================
Received Import Request.
  Time since last request: 633.458219 seconds.
  path: Assets/Environment/Sprites/Tree 1.png
  importAddress: Guid(1d29adfaf7ef4e34e8e7bb7902f5ca9f) Importer(815301076,1909f56bfc062723c751e8b465ee728b)
Start importing Assets/Environment/Sprites/Tree 1.png using Guid(1d29adfaf7ef4e34e8e7bb7902f5ca9f) Importer(815301076,1909f56bfc062723c751e8b465ee728b) (PreviewImporter) -> (Import Result ID: '467d38b7b3e9017c6884455ee0e12ac1') in 0.0191417 seconds [static and dynamic dependencies]. Details - ImportResultOutputID=f59f99b747b115b25951cb1a21879590 DependenciesID=b74d81888578f0a187d9c3c19b91d959 StaticDependenciesID=923c657aa0169542d90a9a0fa0363842 
Number of updated asset objects reloaded before import = 0Number of asset objects unloaded after import = 3

========================================================================
Received Import Request.
  Time since last request: 1.018802 seconds.
  path: Assets/Environment/Sprites/MidgroundFill.png
  importAddress: Guid(43efe596f8e63be4fb4a0bf7c1066b58) Importer(2089858483,b0f066a214c2f5e87bad3c948f4d605d)
Start importing Assets/Environment/Sprites/MidgroundFill.png using Guid(43efe596f8e63be4fb4a0bf7c1066b58) Importer(2089858483,b0f066a214c2f5e87bad3c948f4d605d) (ScriptedImporter) -> (Import Result ID: 'de6c5afbe1ca8cc04d5646f25e275020') in 0.0143219 seconds [static and dynamic dependencies]. Details - ImportResultOutputID=660b0ffdca96c16a5e39e8ed46984692 DependenciesID=d45cb65e4c728c2704c51bc5a0ee0140 StaticDependenciesID=781774eddc2ac8f8b4509abc3d6b18b2 
Number of updated asset objects reloaded before import = 0Number of asset objects unloaded after import = 3

========================================================================
Received Import Request.
  Time since last request: 18.909242 seconds.
  path: Assets/Environment/Sprites/SecondPalette.prefab
  importAddress: Guid(4848e3b095eafbc4980da8a71cb2457b) Importer(2089858483,b0f066a214c2f5e87bad3c948f4d605d)
Start importing Assets/Environment/Sprites/SecondPalette.prefab using Guid(4848e3b095eafbc4980da8a71cb2457b) Importer(2089858483,b0f066a214c2f5e87bad3c948f4d605d) (ScriptedImporter) -> (Import Result ID: '5afaeafa625d7454c8e2494e82cd8a3e') in 0.0091281 seconds [static and dynamic dependencies]. Details - ImportResultOutputID=5236d65db8766a60577d43049e8fbfc6 DependenciesID=49c74a505551d794f3b30f4a70a9d0cb StaticDependenciesID=02172e1df3447d79fdedd19b22aa9fb2 
Number of updated asset objects reloaded before import = 0Number of asset objects unloaded after import = 10

========================================================================
Received Import Request.
  Time since last request: 29.031879 seconds.
  path: Assets/Prefabs/TilePalette.prefab
  importAddress: Guid(c02c4165d21a0fd488455befe67d7aac) Importer(2089858483,b0f066a214c2f5e87bad3c948f4d605d)
Start importing Assets/Prefabs/TilePalette.prefab using Guid(c02c4165d21a0fd488455befe67d7aac) Importer(2089858483,b0f066a214c2f5e87bad3c948f4d605d) (ScriptedImporter) -> (Import Result ID: '197a89d1da4bd14aaad27df9379043c2') in 0.0129954 seconds [static and dynamic dependencies]. Details - ImportResultOutputID=001cf2e755500e34728099abbc65af7f DependenciesID=2d4a7bca93dd7974c07bd956e8128308 StaticDependenciesID=47705cd912a8aab8b5e53095e7c3a6d4 
Number of updated asset objects reloaded before import = 0Number of asset objects unloaded after import = 10

========================================================================
Received Import Request.
  Time since last request: 1218.547182 seconds.
  path: Assets/Prefabs/TilePalette.prefab
  importAddress: Guid(c02c4165d21a0fd488455befe67d7aac) Importer(2089858483,b0f066a214c2f5e87bad3c948f4d605d)
Start importing Assets/Prefabs/TilePalette.prefab using Guid(c02c4165d21a0fd488455befe67d7aac) Importer(2089858483,b0f066a214c2f5e87bad3c948f4d605d) (ScriptedImporter) -> (Import Result ID: '7f41de1f49c07eba3bcc05925aefdd21') in 0.0118836 seconds [static and dynamic dependencies]. Details - ImportResultOutputID=6a86d77cc9d923d5877b8ea9609a16f8 DependenciesID=9d43f23deff892c95374d524e3641745 StaticDependenciesID=9ee3efc16f1a0b6a7ab7c4bd4152dbd4 
Number of updated asset objects reloaded before import = 0Number of asset objects unloaded after import = 10

========================================================================
Received Import Request.
  Time since last request: 79.636142 seconds.
  path: Assets/Environment/MidgroundFill_0.asset
  importAddress: Guid(acd1e5b9edd757e44a16d92c2d669a37) Importer(815301076,1909f56bfc062723c751e8b465ee728b)
Start importing Assets/Environment/MidgroundFill_0.asset using Guid(acd1e5b9edd757e44a16d92c2d669a37) Importer(815301076,1909f56bfc062723c751e8b465ee728b) (PreviewImporter) -> (Import Result ID: '0bbdefb064ec3b5ccd86d5dc3c764e23') in 0.0259699 seconds [static and dynamic dependencies]. Details - ImportResultOutputID=56c808fac5c2c286eeb44b406cbe3657 DependenciesID=e7487a778c55851cd94e681a258f5c60 StaticDependenciesID=09b56e925c402224a046addcfaa2bcd1 
Number of updated asset objects reloaded before import = 0Number of asset objects unloaded after import = 3

========================================================================
Received Import Request.
  Time since last request: 735.338459 seconds.
  path: Assets/Prefabs/TilePalette.prefab
  importAddress: Guid(c02c4165d21a0fd488455befe67d7aac) Importer(2089858483,b0f066a214c2f5e87bad3c948f4d605d)
Start importing Assets/Prefabs/TilePalette.prefab using Guid(c02c4165d21a0fd488455befe67d7aac) Importer(2089858483,b0f066a214c2f5e87bad3c948f4d605d) (ScriptedImporter) -> (Import Result ID: '038719435f4751aeaa6462e9db9195fb') in 0.012238 seconds [static and dynamic dependencies]. Details - ImportResultOutputID=d4a6a7863917854ce38c69772d2ebe0b DependenciesID=6a0906a5aa088356c455362bbb5987d7 StaticDependenciesID=f5105007d4b6e932326326a192865313 
Number of updated asset objects reloaded before import = 0Number of asset objects unloaded after import = 10

========================================================================
Received Import Request.
  Time since last request: 173.664565 seconds.
  path: Assets/Prefabs/TilePalette.prefab
  importAddress: Guid(c02c4165d21a0fd488455befe67d7aac) Importer(2089858483,b0f066a214c2f5e87bad3c948f4d605d)
Start importing Assets/Prefabs/TilePalette.prefab using Guid(c02c4165d21a0fd488455befe67d7aac) Importer(2089858483,b0f066a214c2f5e87bad3c948f4d605d) (ScriptedImporter) -> (Import Result ID: 'd79784d6654b2df69543321ca7198cef') in 0.0116911 seconds [static and dynamic dependencies]. Details - ImportResultOutputID=9dfbd64cbd5f99cc21128192ad38b1a2 DependenciesID=bae629173e5f2065ddd4e710fcf05576 StaticDependenciesID=2ea70cbd7fb043fa02c4e5fd633828b1 
Number of updated asset objects reloaded before import = 0Number of asset objects unloaded after import = 10

